testapp/build/outputs/logs/manifest-merger-debug-report.txt
-- Merging decision tree log ---
manifest
ADDED from src/main/AndroidManifest.xml:12:1-96:12
	package
		ADDED from src/main/AndroidManifest.xml:13:5-38
	android:versionName
		INJECTED from src/main/AndroidManifest.xml
		INJECTED from src/main/AndroidManifest.xml
	xmlns:tools
		ADDED from src/main/AndroidManifest.xml:15:5-51
	xmlns:android
		ADDED from src/main/AndroidManifest.xml:14:5-63
	android:versionCode
		INJECTED from src/main/AndroidManifest.xml
		INJECTED from src/main/AndroidManifest.xml
uses-permission#android.permission.INTERNET
ADDED from src/main/AndroidManifest.xml:17:5-67
MERGED from [android-sdk-sample:android-sdk-release:unspecified] AndroidManifest.xml:27:5-67
	android:name
		ADDED from src/main/AndroidManifest.xml:17:22-64
application
ADDED from src/main/AndroidManifest.xml:19:5-94:19
MERGED from [android-sdk-sample:android-sdk-release:unspecified] AndroidManifest.xml:29:5-34:19
MERGED from [com.android.support:mediarouter-v7:25.3.1] AndroidManifest.xml:26:5-20
MERGED from [com.android.support:palette-v7:25.3.1] AndroidManifest.xml:26:5-20
MERGED from [com.android.support.constraint:constraint-layout:1.0.2] AndroidManifest.xml:9:5-20
MERGED from [com.android.support:design:25.3.1] AndroidManifest.xml:29:5-20
MERGED from [com.android.support:appcompat-v7:25.3.1] AndroidManifest.xml:29:5-20
MERGED from [com.android.support:animated-vector-drawable:25.3.1] AndroidManifest.xml:26:5-20
MERGED from [com.android.support:support-vector-drawable:25.3.1] AndroidManifest.xml:26:5-20
MERGED from [com.android.support:transition:25.3.1] AndroidManifest.xml:26:5-20
MERGED from [com.android.support:support-v4:25.3.1] AndroidManifest.xml:29:5-20
MERGED from [com.android.support:support-fragment:25.3.1] AndroidManifest.xml:29:5-20
MERGED from [com.android.support:support-media-compat:25.3.1] AndroidManifest.xml:29:5-20
MERGED from [com.android.support:support-core-ui:25.3.1] AndroidManifest.xml:29:5-20
MERGED from [com.android.support:support-core-utils:25.3.1] AndroidManifest.xml:29:5-20
MERGED from [com.android.support:support-compat:25.3.1] AndroidManifest.xml:29:5-20
	android:label
		ADDED from src/main/AndroidManifest.xml:22:9-41
	android:allowBackup
		ADDED from src/main/AndroidManifest.xml:20:9-35
	android:icon
		ADDED from src/main/AndroidManifest.xml:21:9-49
	android:theme
		ADDED from src/main/AndroidManifest.xml:23:9-40
	tools:replace
		ADDED from src/main/AndroidManifest.xml:24:9-29
activity#com.nestlabs.sdk.sample.DashBoard
ADDED from src/main/AndroidManifest.xml:26:9-31:20
	android:name
		ADDED from src/main/AndroidManifest.xml:26:19-44
intent-filter#android.intent.action.MAIN+android.intent.category.LAUNCHER
ADDED from src/main/AndroidManifest.xml:27:13-30:29
action#android.intent.action.MAIN
ADDED from src/main/AndroidManifest.xml:28:17-69
	android:name
		ADDED from src/main/AndroidManifest.xml:28:25-66
category#android.intent.category.LAUNCHER
ADDED from src/main/AndroidManifest.xml:29:17-77
	android:name
		ADDED from src/main/AndroidManifest.xml:29:27-74
activity#com.nestlabs.sdk.sample.Comfort
ADDED from src/main/AndroidManifest.xml:33:9-41:20
	android:label
		ADDED from src/main/AndroidManifest.xml:35:13-45
	android:parentActivityName
		ADDED from src/main/AndroidManifest.xml:36:13-52
	android:name
		ADDED from src/main/AndroidManifest.xml:34:13-36
intent-filter#android.intent.category.DEFAULT+myComfort
ADDED from src/main/AndroidManifest.xml:37:13-40:29
action#myComfort
ADDED from src/main/AndroidManifest.xml:38:17-51
	android:name
		ADDED from src/main/AndroidManifest.xml:38:25-49
category#android.intent.category.DEFAULT
ADDED from src/main/AndroidManifest.xml:39:17-75
	android:name
		ADDED from src/main/AndroidManifest.xml:39:27-73
activity#com.nestlabs.sdk.sample.Energy_java
ADDED from src/main/AndroidManifest.xml:43:9-51:20
	android:label
		ADDED from src/main/AndroidManifest.xml:45:13-45
	android:parentActivityName
		ADDED from src/main/AndroidManifest.xml:46:13-52
	android:name
		ADDED from src/main/AndroidManifest.xml:44:13-40
intent-filter#android.intent.category.DEFAULT+myEnergy
ADDED from src/main/AndroidManifest.xml:47:13-50:29
action#myEnergy
ADDED from src/main/AndroidManifest.xml:48:17-50
	android:name
		ADDED from src/main/AndroidManifest.xml:48:25-48
activity#com.nestlabs.sdk.sample.thermostat_detail
ADDED from src/main/AndroidManifest.xml:53:9-61:20
	android:label
		ADDED from src/main/AndroidManifest.xml:55:13-45
	android:parentActivityName
		ADDED from src/main/AndroidManifest.xml:56:13-50
	android:name
		ADDED from src/main/AndroidManifest.xml:54:13-46
intent-filter#android.intent.category.DEFAULT+myThermostat
ADDED from src/main/AndroidManifest.xml:57:13-60:29
action#myThermostat
ADDED from src/main/AndroidManifest.xml:58:17-54
	android:name
		ADDED from src/main/AndroidManifest.xml:58:25-52
activity#com.nestlabs.sdk.sample.Security
ADDED from src/main/AndroidManifest.xml:63:9-71:20
	android:label
		ADDED from src/main/AndroidManifest.xml:65:13-45
	android:parentActivityName
		ADDED from src/main/AndroidManifest.xml:66:13-52
	android:name
		ADDED from src/main/AndroidManifest.xml:64:13-37
activity#com.nestlabs.sdk.sample.camera_detail
ADDED from src/main/AndroidManifest.xml:73:9-81:20
	android:label
		ADDED from src/main/AndroidManifest.xml:75:13-45
	android:parentActivityName
		ADDED from src/main/AndroidManifest.xml:76:13-51
	android:name
		ADDED from src/main/AndroidManifest.xml:74:13-42
intent-filter#android.intent.category.DEFAULT+mycamera
ADDED from src/main/AndroidManifest.xml:77:13-80:29
action#mycamera
ADDED from src/main/AndroidManifest.xml:78:17-50
	android:name
		ADDED from src/main/AndroidManifest.xml:78:25-48
activity#com.nestlabs.sdk.sample.hue_activity
ADDED from src/main/AndroidManifest.xml:83:9-91:20
	android:label
		ADDED from src/main/AndroidManifest.xml:85:13-45
	android:parentActivityName
		ADDED from src/main/AndroidManifest.xml:86:13-54
	android:name
		ADDED from src/main/AndroidManifest.xml:84:13-41
intent-filter#android.intent.category.DEFAULT+myhue
ADDED from src/main/AndroidManifest.xml:87:13-90:29
action#myhue
ADDED from src/main/AndroidManifest.xml:88:17-47
	android:name
		ADDED from src/main/AndroidManifest.xml:88:25-45
uses-sdk
INJECTED from src/main/AndroidManifest.xml reason: use-sdk injection requested
MERGED from [android-sdk-sample:android-sdk-release:unspecified] AndroidManifest.xml:23:5-25:41
MERGED from [com.android.support:mediarouter-v7:25.3.1] AndroidManifest.xml:20:5-43
MERGED from [com.android.support:palette-v7:25.3.1] AndroidManifest.xml:20:5-43
MERGED from [com.android.support.constraint:constraint-layout:1.0.2] AndroidManifest.xml:5:5-7:41
MERGED from [com.wang.avi:library:2.1.3] AndroidManifest.xml:7:5-9:41
MERGED from [com.android.support:design:25.3.1] AndroidManifest.xml:21:5-23:62
MERGED from [com.android.support:appcompat-v7:25.3.1] AndroidManifest.xml:21:5-23:78
MERGED from [com.android.support:animated-vector-drawable:25.3.1] AndroidManifest.xml:20:5-44
MERGED from [com.android.support:support-vector-drawable:25.3.1] AndroidManifest.xml:20:5-43
MERGED from [com.android.support:recyclerview-v7:25.3.1] AndroidManifest.xml:20:5-43
MERGED from [com.android.support:transition:25.3.1] AndroidManifest.xml:20:5-44
MERGED from [com.android.support:support-v4:25.3.1] AndroidManifest.xml:21:5-23:54
MERGED from [com.android.support:support-fragment:25.3.1] AndroidManifest.xml:21:5-23:60
MERGED from [com.android.support:support-media-compat:25.3.1] AndroidManifest.xml:21:5-23:63
MERGED from [com.android.support:support-core-ui:25.3.1] AndroidManifest.xml:21:5-23:58
MERGED from [com.android.support:support-core-utils:25.3.1] AndroidManifest.xml:21:5-23:61
MERGED from [com.android.support:support-compat:25.3.1] AndroidManifest.xml:21:5-23:58
	tools:overrideLibrary
		ADDED from [com.android.support:design:25.3.1] AndroidManifest.xml:23:9-59
	android:targetSdkVersion
		INJECTED from src/main/AndroidManifest.xml
		INJECTED from src/main/AndroidManifest.xml
	android:minSdkVersion
		INJECTED from src/main/AndroidManifest.xml
		INJECTED from src/main/AndroidManifest.xml
activity#com.nestlabs.sdk.NestAuthActivity
ADDED from [android-sdk-sample:android-sdk-release:unspecified] AndroidManifest.xml:30:9-33:20
	android:theme
		ADDED from [android-sdk-sample:android-sdk-release:unspecified] AndroidManifest.xml:32:13-66
	android:name
		ADDED from [android-sdk-sample:android-sdk-release:unspecified] AndroidManifest.xml:31:13-61
meta-data#android.support.VERSION
ADDED from [com.android.support:mediarouter-v7:25.3.1] AndroidManifest.xml:22:5-24:34
MERGED from [com.android.support:palette-v7:25.3.1] AndroidManifest.xml:22:5-24:34
MERGED from [com.android.support:design:25.3.1] AndroidManifest.xml:25:5-27:34
MERGED from [com.android.support:appcompat-v7:25.3.1] AndroidManifest.xml:25:5-27:34
MERGED from [com.android.support:animated-vector-drawable:25.3.1] AndroidManifest.xml:22:5-24:34
MERGED from [com.android.support:support-vector-drawable:25.3.1] AndroidManifest.xml:22:5-24:34
MERGED from [com.android.support:recyclerview-v7:25.3.1] AndroidManifest.xml:22:5-24:34
MERGED from [com.android.support:transition:25.3.1] AndroidManifest.xml:22:5-24:34
MERGED from [com.android.support:support-v4:25.3.1] AndroidManifest.xml:25:5-27:34
MERGED from [com.android.support:support-fragment:25.3.1] AndroidManifest.xml:25:5-27:34
MERGED from [com.android.support:support-media-compat:25.3.1] AndroidManifest.xml:25:5-27:34
MERGED from [com.android.support:support-core-ui:25.3.1] AndroidManifest.xml:25:5-27:34
MERGED from [com.android.support:support-core-utils:25.3.1] AndroidManifest.xml:25:5-27:34
MERGED from [com.android.support:support-compat:25.3.1] AndroidManifest.xml:25:5-27:34
	android:value
		ADDED from [com.android.support:mediarouter-v7:25.3.1] AndroidManifest.xml:24:9-31
	android:name
		ADDED from [com.android.support:mediarouter-v7:25.3.1] AndroidManifest.xml:23:9-47